<?xml version="1.0" encoding="UTF-8"?>
<!-- Generated by org.testng.reporters.JUnitXMLReporter -->
<testsuite hostname="E0349464" ignored="0" name="RegressionSuite" tests="5" failures="0" timestamp="27 May 2018 19:48:48 GMT" time="217.708" errors="0">
  <testcase name="testUntitled" time="15.425" classname="Barbbler.AutomationExcercise.LoginScreenTest"/>
  <testcase name="testUntitled" time="32.088" classname="Barbbler.AutomationExcercise.PaymentScreenTest"/>
  <testcase name="testUntitled" time="49.373" classname="Barbbler.AutomationExcercise.MakePaymentTest"/>
  <testcase name="testUntitled" time="43.219" classname="Barbbler.AutomationExcercise.CancelPaymentTest"/>
  <testcase name="testUntitled" time="23.325" classname="Barbbler.AutomationExcercise.LogoutTest"/>
</testsuite> <!-- RegressionSuite -->
